{"D:\\homework\\frontcamp\\Siarhei-Balonikau.github.io\\src\\setupTests.js": {"path":"D:\\homework\\frontcamp\\Siarhei-Balonikau.github.io\\src\\setupTests.js","statementMap":{"0":{"start":{"line":4,"column":0},"end":{"line":4,"column":42}},"1":{"start":{"line":6,"column":0},"end":{"line":6,"column":38}}},"fnMap":{},"branchMap":{},"s":{"0":11,"1":11},"f":{},"b":{},"_coverageSchema":"332fd63041d2c1bcb487cc26dd0d5f7d97098a6c","hash":"81f9531cce287bbc85828e4bdc59a13ddb6a090a"}
,"D:\\homework\\frontcamp\\Siarhei-Balonikau.github.io\\src\\actions\\blogs.js": {"path":"D:\\homework\\frontcamp\\Siarhei-Balonikau.github.io\\src\\actions\\blogs.js","statementMap":{"0":{"start":{"line":1,"column":28},"end":{"line":5,"column":1}},"1":{"start":{"line":2,"column":2},"end":{"line":4,"column":3}},"2":{"start":{"line":7,"column":28},"end":{"line":12,"column":1}},"3":{"start":{"line":8,"column":2},"end":{"line":11,"column":3}},"4":{"start":{"line":14,"column":25},"end":{"line":19,"column":1}},"5":{"start":{"line":15,"column":2},"end":{"line":18,"column":3}},"6":{"start":{"line":21,"column":23},"end":{"line":39,"column":1}},"7":{"start":{"line":22,"column":2},"end":{"line":38,"column":3}},"8":{"start":{"line":23,"column":16},"end":{"line":23,"column":43}},"9":{"start":{"line":25,"column":4},"end":{"line":37,"column":9}},"10":{"start":{"line":34,"column":18},"end":{"line":34,"column":40}},"11":{"start":{"line":36,"column":8},"end":{"line":36,"column":47}},"12":{"start":{"line":41,"column":26},"end":{"line":66,"column":1}},"13":{"start":{"line":42,"column":2},"end":{"line":65,"column":3}},"14":{"start":{"line":43,"column":16},"end":{"line":43,"column":43}},"15":{"start":{"line":44,"column":4},"end":{"line":44,"column":29}},"16":{"start":{"line":46,"column":4},"end":{"line":64,"column":9}},"17":{"start":{"line":55,"column":8},"end":{"line":57,"column":9}},"18":{"start":{"line":56,"column":10},"end":{"line":56,"column":43}},"19":{"start":{"line":59,"column":8},"end":{"line":59,"column":31}},"20":{"start":{"line":61,"column":20},"end":{"line":61,"column":48}},"21":{"start":{"line":63,"column":8},"end":{"line":63,"column":47}}},"fnMap":{"0":{"name":"(anonymous_0)","decl":{"start":{"line":1,"column":28},"end":{"line":1,"column":29}},"loc":{"start":{"line":1,"column":34},"end":{"line":5,"column":1}},"line":1},"1":{"name":"(anonymous_1)","decl":{"start":{"line":7,"column":28},"end":{"line":7,"column":29}},"loc":{"start":{"line":7,"column":39},"end":{"line":12,"column":1}},"line":7},"2":{"name":"(anonymous_2)","decl":{"start":{"line":14,"column":25},"end":{"line":14,"column":26}},"loc":{"start":{"line":14,"column":35},"end":{"line":19,"column":1}},"line":14},"3":{"name":"(anonymous_3)","decl":{"start":{"line":21,"column":23},"end":{"line":21,"column":24}},"loc":{"start":{"line":21,"column":33},"end":{"line":39,"column":1}},"line":21},"4":{"name":"(anonymous_4)","decl":{"start":{"line":22,"column":9},"end":{"line":22,"column":10}},"loc":{"start":{"line":22,"column":23},"end":{"line":38,"column":3}},"line":22},"5":{"name":"(anonymous_5)","decl":{"start":{"line":34,"column":12},"end":{"line":34,"column":13}},"loc":{"start":{"line":34,"column":18},"end":{"line":34,"column":40}},"line":34},"6":{"name":"(anonymous_6)","decl":{"start":{"line":35,"column":13},"end":{"line":35,"column":14}},"loc":{"start":{"line":35,"column":27},"end":{"line":37,"column":7}},"line":35},"7":{"name":"(anonymous_7)","decl":{"start":{"line":41,"column":26},"end":{"line":41,"column":27}},"loc":{"start":{"line":41,"column":32},"end":{"line":66,"column":1}},"line":41},"8":{"name":"(anonymous_8)","decl":{"start":{"line":42,"column":9},"end":{"line":42,"column":10}},"loc":{"start":{"line":42,"column":23},"end":{"line":65,"column":3}},"line":42},"9":{"name":"(anonymous_9)","decl":{"start":{"line":54,"column":12},"end":{"line":54,"column":13}},"loc":{"start":{"line":54,"column":24},"end":{"line":60,"column":7}},"line":54},"10":{"name":"(anonymous_10)","decl":{"start":{"line":61,"column":12},"end":{"line":61,"column":13}},"loc":{"start":{"line":61,"column":20},"end":{"line":61,"column":48}},"line":61},"11":{"name":"(anonymous_11)","decl":{"start":{"line":62,"column":13},"end":{"line":62,"column":14}},"loc":{"start":{"line":62,"column":27},"end":{"line":64,"column":7}},"line":62}},"branchMap":{"0":{"loc":{"start":{"line":55,"column":8},"end":{"line":57,"column":9}},"type":"if","locations":[{"start":{"line":55,"column":8},"end":{"line":57,"column":9}},{"start":{"line":55,"column":8},"end":{"line":57,"column":9}}],"line":55}},"s":{"0":2,"1":3,"2":2,"3":2,"4":2,"5":2,"6":2,"7":1,"8":1,"9":1,"10":1,"11":0,"12":2,"13":1,"14":1,"15":1,"16":1,"17":1,"18":0,"19":1,"20":0,"21":1},"f":{"0":3,"1":2,"2":2,"3":1,"4":1,"5":1,"6":0,"7":1,"8":1,"9":1,"10":0,"11":1},"b":{"0":[0,1]},"_coverageSchema":"332fd63041d2c1bcb487cc26dd0d5f7d97098a6c","hash":"f6250d517d8146344af77b84fa76098279d1a49e"}
,"D:\\homework\\frontcamp\\Siarhei-Balonikau.github.io\\src\\components\\AuthForm\\AuthForm.js": {"path":"D:\\homework\\frontcamp\\Siarhei-Balonikau.github.io\\src\\components\\AuthForm\\AuthForm.js","statementMap":{"0":{"start":{"line":8,"column":17},"end":{"line":26,"column":1}},"1":{"start":{"line":9,"column":2},"end":{"line":25,"column":4}},"2":{"start":{"line":10,"column":49},"end":{"line":10,"column":66}},"3":{"start":{"line":28,"column":0},"end":{"line":32,"column":2}}},"fnMap":{"0":{"name":"(anonymous_0)","decl":{"start":{"line":8,"column":17},"end":{"line":8,"column":18}},"loc":{"start":{"line":8,"column":28},"end":{"line":26,"column":1}},"line":8},"1":{"name":"(anonymous_1)","decl":{"start":{"line":10,"column":42},"end":{"line":10,"column":43}},"loc":{"start":{"line":10,"column":49},"end":{"line":10,"column":66}},"line":10}},"branchMap":{},"s":{"0":1,"1":1,"2":0,"3":1},"f":{"0":1,"1":0},"b":{},"_coverageSchema":"332fd63041d2c1bcb487cc26dd0d5f7d97098a6c","hash":"ddfec12f51ccae755c86c9c37cdd69b74adbe321"}
,"D:\\homework\\frontcamp\\Siarhei-Balonikau.github.io\\src\\components\\Blog\\Blog.js": {"path":"D:\\homework\\frontcamp\\Siarhei-Balonikau.github.io\\src\\components\\Blog\\Blog.js","statementMap":{"0":{"start":{"line":7,"column":13},"end":{"line":29,"column":1}},"1":{"start":{"line":8,"column":43},"end":{"line":8,"column":53}},"2":{"start":{"line":10,"column":2},"end":{"line":28,"column":4}},"3":{"start":{"line":31,"column":0},"end":{"line":33,"column":2}}},"fnMap":{"0":{"name":"(anonymous_0)","decl":{"start":{"line":7,"column":13},"end":{"line":7,"column":14}},"loc":{"start":{"line":7,"column":24},"end":{"line":29,"column":1}},"line":7}},"branchMap":{},"s":{"0":1,"1":1,"2":1,"3":1},"f":{"0":1},"b":{},"_coverageSchema":"332fd63041d2c1bcb487cc26dd0d5f7d97098a6c","hash":"99663a50d91189e53b1022ce7f2872336734009f"}
,"D:\\homework\\frontcamp\\Siarhei-Balonikau.github.io\\src\\components\\BlogForm\\BlogForm.js": {"path":"D:\\homework\\frontcamp\\Siarhei-Balonikau.github.io\\src\\components\\BlogForm\\BlogForm.js","statementMap":{"0":{"start":{"line":10,"column":17},"end":{"line":39,"column":1}},"1":{"start":{"line":11,"column":2},"end":{"line":38,"column":4}},"2":{"start":{"line":17,"column":29},"end":{"line":17,"column":46}},"3":{"start":{"line":41,"column":0},"end":{"line":45,"column":2}}},"fnMap":{"0":{"name":"(anonymous_0)","decl":{"start":{"line":10,"column":17},"end":{"line":10,"column":18}},"loc":{"start":{"line":10,"column":28},"end":{"line":39,"column":1}},"line":10},"1":{"name":"(anonymous_1)","decl":{"start":{"line":17,"column":22},"end":{"line":17,"column":23}},"loc":{"start":{"line":17,"column":29},"end":{"line":17,"column":46}},"line":17}},"branchMap":{},"s":{"0":1,"1":1,"2":0,"3":1},"f":{"0":1,"1":0},"b":{},"_coverageSchema":"332fd63041d2c1bcb487cc26dd0d5f7d97098a6c","hash":"7e5bb8ad5d0c483ddd9aaf731a540f410ceaca7f"}
,"D:\\homework\\frontcamp\\Siarhei-Balonikau.github.io\\src\\components\\Button\\button.js": {"path":"D:\\homework\\frontcamp\\Siarhei-Balonikau.github.io\\src\\components\\Button\\button.js","statementMap":{"0":{"start":{"line":6,"column":15},"end":{"line":14,"column":1}},"1":{"start":{"line":7,"column":2},"end":{"line":13,"column":4}},"2":{"start":{"line":16,"column":0},"end":{"line":18,"column":2}}},"fnMap":{"0":{"name":"(anonymous_0)","decl":{"start":{"line":6,"column":15},"end":{"line":6,"column":16}},"loc":{"start":{"line":6,"column":24},"end":{"line":14,"column":1}},"line":6}},"branchMap":{},"s":{"0":3,"1":1,"2":3},"f":{"0":1},"b":{},"_coverageSchema":"332fd63041d2c1bcb487cc26dd0d5f7d97098a6c","hash":"2555dfdb289f5f85fd3e2ce056ea63e5f9d9df86"}
,"D:\\homework\\frontcamp\\Siarhei-Balonikau.github.io\\src\\components\\Filter\\filter.js": {"path":"D:\\homework\\frontcamp\\Siarhei-Balonikau.github.io\\src\\components\\Filter\\filter.js","statementMap":{"0":{"start":{"line":6,"column":15},"end":{"line":20,"column":1}},"1":{"start":{"line":7,"column":18},"end":{"line":13,"column":4}},"2":{"start":{"line":8,"column":4},"end":{"line":12,"column":5}},"3":{"start":{"line":15,"column":2},"end":{"line":19,"column":4}},"4":{"start":{"line":16,"column":69},"end":{"line":16,"column":99}},"5":{"start":{"line":22,"column":0},"end":{"line":26,"column":2}}},"fnMap":{"0":{"name":"(anonymous_0)","decl":{"start":{"line":6,"column":15},"end":{"line":6,"column":16}},"loc":{"start":{"line":6,"column":24},"end":{"line":20,"column":1}},"line":6},"1":{"name":"(anonymous_1)","decl":{"start":{"line":7,"column":36},"end":{"line":7,"column":37}},"loc":{"start":{"line":7,"column":55},"end":{"line":13,"column":3}},"line":7},"2":{"name":"(anonymous_2)","decl":{"start":{"line":16,"column":62},"end":{"line":16,"column":63}},"loc":{"start":{"line":16,"column":69},"end":{"line":16,"column":99}},"line":16}},"branchMap":{"0":{"loc":{"start":{"line":8,"column":11},"end":{"line":12,"column":5}},"type":"cond-expr","locations":[{"start":{"line":9,"column":6},"end":{"line":9,"column":127}},{"start":{"line":11,"column":6},"end":{"line":11,"column":61}}],"line":8}},"s":{"0":1,"1":1,"2":2,"3":1,"4":0,"5":1},"f":{"0":1,"1":2,"2":0},"b":{"0":[1,1]},"_coverageSchema":"332fd63041d2c1bcb487cc26dd0d5f7d97098a6c","hash":"4fd6707b9843433b783bfca87836cbfe14b0b663"}
,"D:\\homework\\frontcamp\\Siarhei-Balonikau.github.io\\src\\components\\PageNotFound\\PageNotFound.js": {"path":"D:\\homework\\frontcamp\\Siarhei-Balonikau.github.io\\src\\components\\PageNotFound\\PageNotFound.js","statementMap":{"0":{"start":{"line":5,"column":21},"end":{"line":11,"column":1}},"1":{"start":{"line":6,"column":2},"end":{"line":10,"column":4}}},"fnMap":{"0":{"name":"(anonymous_0)","decl":{"start":{"line":5,"column":21},"end":{"line":5,"column":22}},"loc":{"start":{"line":5,"column":30},"end":{"line":11,"column":1}},"line":5}},"branchMap":{},"s":{"0":1,"1":1},"f":{"0":1},"b":{},"_coverageSchema":"332fd63041d2c1bcb487cc26dd0d5f7d97098a6c","hash":"e1a236a84cb46058ec49f1e7696a9c88919b2310"}
,"D:\\homework\\frontcamp\\Siarhei-Balonikau.github.io\\src\\components\\SingleBlog\\SingleBlog.js": {"path":"D:\\homework\\frontcamp\\Siarhei-Balonikau.github.io\\src\\components\\SingleBlog\\SingleBlog.js","statementMap":{"0":{"start":{"line":7,"column":19},"end":{"line":27,"column":1}},"1":{"start":{"line":8,"column":19},"end":{"line":8,"column":24}},"2":{"start":{"line":10,"column":2},"end":{"line":26,"column":4}},"3":{"start":{"line":29,"column":0},"end":{"line":31,"column":2}}},"fnMap":{"0":{"name":"(anonymous_0)","decl":{"start":{"line":7,"column":19},"end":{"line":7,"column":20}},"loc":{"start":{"line":7,"column":28},"end":{"line":27,"column":1}},"line":7}},"branchMap":{},"s":{"0":1,"1":1,"2":1,"3":1},"f":{"0":1},"b":{},"_coverageSchema":"332fd63041d2c1bcb487cc26dd0d5f7d97098a6c","hash":"2523a46d11d75cca5cef5dbd6d9ce3a6fe2cfa55"}
,"D:\\homework\\frontcamp\\Siarhei-Balonikau.github.io\\src\\components\\TextField\\TextField.js": {"path":"D:\\homework\\frontcamp\\Siarhei-Balonikau.github.io\\src\\components\\TextField\\TextField.js","statementMap":{"0":{"start":{"line":6,"column":18},"end":{"line":10,"column":1}},"1":{"start":{"line":7,"column":2},"end":{"line":9,"column":4}},"2":{"start":{"line":8,"column":83},"end":{"line":8,"column":126}},"3":{"start":{"line":12,"column":0},"end":{"line":16,"column":2}}},"fnMap":{"0":{"name":"(anonymous_0)","decl":{"start":{"line":6,"column":18},"end":{"line":6,"column":19}},"loc":{"start":{"line":6,"column":27},"end":{"line":10,"column":1}},"line":6},"1":{"name":"(anonymous_1)","decl":{"start":{"line":8,"column":76},"end":{"line":8,"column":77}},"loc":{"start":{"line":8,"column":83},"end":{"line":8,"column":126}},"line":8}},"branchMap":{},"s":{"0":3,"1":1,"2":0,"3":3},"f":{"0":1,"1":0},"b":{},"_coverageSchema":"332fd63041d2c1bcb487cc26dd0d5f7d97098a6c","hash":"a793cbb1a387c46ee7adab19d7a8525cefdbe874"}
,"D:\\homework\\frontcamp\\Siarhei-Balonikau.github.io\\src\\components\\Textarea\\Textarea.js": {"path":"D:\\homework\\frontcamp\\Siarhei-Balonikau.github.io\\src\\components\\Textarea\\Textarea.js","statementMap":{"0":{"start":{"line":6,"column":17},"end":{"line":10,"column":1}},"1":{"start":{"line":7,"column":2},"end":{"line":9,"column":4}},"2":{"start":{"line":8,"column":72},"end":{"line":8,"column":115}},"3":{"start":{"line":12,"column":0},"end":{"line":16,"column":2}}},"fnMap":{"0":{"name":"(anonymous_0)","decl":{"start":{"line":6,"column":17},"end":{"line":6,"column":18}},"loc":{"start":{"line":6,"column":26},"end":{"line":10,"column":1}},"line":6},"1":{"name":"(anonymous_1)","decl":{"start":{"line":8,"column":65},"end":{"line":8,"column":66}},"loc":{"start":{"line":8,"column":72},"end":{"line":8,"column":115}},"line":8}},"branchMap":{},"s":{"0":2,"1":1,"2":0,"3":2},"f":{"0":1,"1":0},"b":{},"_coverageSchema":"332fd63041d2c1bcb487cc26dd0d5f7d97098a6c","hash":"5ae7c251db09ee253e7fb561ae290f3a01cb6c68"}
,"D:\\homework\\frontcamp\\Siarhei-Balonikau.github.io\\src\\reducers\\blogs.js": {"path":"D:\\homework\\frontcamp\\Siarhei-Balonikau.github.io\\src\\reducers\\blogs.js","statementMap":{"0":{"start":{"line":1,"column":14},"end":{"line":32,"column":1}},"1":{"start":{"line":9,"column":2},"end":{"line":31,"column":3}},"2":{"start":{"line":11,"column":6},"end":{"line":15,"column":8}},"3":{"start":{"line":17,"column":6},"end":{"line":22,"column":8}},"4":{"start":{"line":24,"column":6},"end":{"line":28,"column":8}},"5":{"start":{"line":30,"column":6},"end":{"line":30,"column":19}}},"fnMap":{"0":{"name":"(anonymous_0)","decl":{"start":{"line":1,"column":14},"end":{"line":1,"column":15}},"loc":{"start":{"line":8,"column":5},"end":{"line":32,"column":1}},"line":8}},"branchMap":{"0":{"loc":{"start":{"line":2,"column":2},"end":{"line":6,"column":3}},"type":"default-arg","locations":[{"start":{"line":2,"column":10},"end":{"line":6,"column":3}}],"line":2},"1":{"loc":{"start":{"line":9,"column":2},"end":{"line":31,"column":3}},"type":"switch","locations":[{"start":{"line":10,"column":4},"end":{"line":15,"column":8}},{"start":{"line":16,"column":4},"end":{"line":22,"column":8}},{"start":{"line":23,"column":4},"end":{"line":28,"column":8}},{"start":{"line":29,"column":4},"end":{"line":30,"column":19}}],"line":9}},"s":{"0":1,"1":4,"2":1,"3":1,"4":1,"5":1},"f":{"0":4},"b":{"0":[1],"1":[1,1,1,1]},"_coverageSchema":"332fd63041d2c1bcb487cc26dd0d5f7d97098a6c","hash":"11da6d27da871877ba27e72b494cef92209519c3"}
}
