TN:
SF:D:\homework\frontcamp\Siarhei-Balonikau.github.io\src\setupTests.js
FNF:0
FNH:0
DA:4,11
DA:6,11
LF:2
LH:2
BRF:0
BRH:0
end_of_record
TN:
SF:D:\homework\frontcamp\Siarhei-Balonikau.github.io\src\actions\blogs.js
FN:1,(anonymous_0)
FN:7,(anonymous_1)
FN:14,(anonymous_2)
FN:21,(anonymous_3)
FN:22,(anonymous_4)
FN:34,(anonymous_5)
FN:35,(anonymous_6)
FN:41,(anonymous_7)
FN:42,(anonymous_8)
FN:54,(anonymous_9)
FN:61,(anonymous_10)
FN:62,(anonymous_11)
FNF:12
FNH:10
FNDA:3,(anonymous_0)
FNDA:2,(anonymous_1)
FNDA:2,(anonymous_2)
FNDA:1,(anonymous_3)
FNDA:1,(anonymous_4)
FNDA:1,(anonymous_5)
FNDA:0,(anonymous_6)
FNDA:1,(anonymous_7)
FNDA:1,(anonymous_8)
FNDA:1,(anonymous_9)
FNDA:0,(anonymous_10)
FNDA:1,(anonymous_11)
DA:1,2
DA:2,3
DA:7,2
DA:8,2
DA:14,2
DA:15,2
DA:21,2
DA:22,1
DA:23,1
DA:25,1
DA:34,1
DA:36,0
DA:41,2
DA:42,1
DA:43,1
DA:44,1
DA:46,1
DA:55,1
DA:56,0
DA:59,1
DA:61,0
DA:63,1
LF:22
LH:19
BRDA:55,0,0,0
BRDA:55,0,1,1
BRF:2
BRH:1
end_of_record
TN:
SF:D:\homework\frontcamp\Siarhei-Balonikau.github.io\src\components\AuthForm\AuthForm.js
FN:8,(anonymous_0)
FN:10,(anonymous_1)
FNF:2
FNH:1
FNDA:1,(anonymous_0)
FNDA:0,(anonymous_1)
DA:8,1
DA:9,1
DA:10,0
DA:28,1
LF:4
LH:3
BRF:0
BRH:0
end_of_record
TN:
SF:D:\homework\frontcamp\Siarhei-Balonikau.github.io\src\components\Blog\Blog.js
FN:7,(anonymous_0)
FNF:1
FNH:1
FNDA:1,(anonymous_0)
DA:7,1
DA:8,1
DA:10,1
DA:31,1
LF:4
LH:4
BRF:0
BRH:0
end_of_record
TN:
SF:D:\homework\frontcamp\Siarhei-Balonikau.github.io\src\components\BlogForm\BlogForm.js
FN:10,(anonymous_0)
FN:17,(anonymous_1)
FNF:2
FNH:1
FNDA:1,(anonymous_0)
FNDA:0,(anonymous_1)
DA:10,1
DA:11,1
DA:17,0
DA:41,1
LF:4
LH:3
BRF:0
BRH:0
end_of_record
TN:
SF:D:\homework\frontcamp\Siarhei-Balonikau.github.io\src\components\Button\button.js
FN:6,(anonymous_0)
FNF:1
FNH:1
FNDA:1,(anonymous_0)
DA:6,3
DA:7,1
DA:16,3
LF:3
LH:3
BRF:0
BRH:0
end_of_record
TN:
SF:D:\homework\frontcamp\Siarhei-Balonikau.github.io\src\components\Filter\filter.js
FN:6,(anonymous_0)
FN:7,(anonymous_1)
FN:16,(anonymous_2)
FNF:3
FNH:2
FNDA:1,(anonymous_0)
FNDA:2,(anonymous_1)
FNDA:0,(anonymous_2)
DA:6,1
DA:7,1
DA:8,2
DA:15,1
DA:16,0
DA:22,1
LF:6
LH:5
BRDA:8,0,0,1
BRDA:8,0,1,1
BRF:2
BRH:2
end_of_record
TN:
SF:D:\homework\frontcamp\Siarhei-Balonikau.github.io\src\components\PageNotFound\PageNotFound.js
FN:5,(anonymous_0)
FNF:1
FNH:1
FNDA:1,(anonymous_0)
DA:5,1
DA:6,1
LF:2
LH:2
BRF:0
BRH:0
end_of_record
TN:
SF:D:\homework\frontcamp\Siarhei-Balonikau.github.io\src\components\SingleBlog\SingleBlog.js
FN:7,(anonymous_0)
FNF:1
FNH:1
FNDA:1,(anonymous_0)
DA:7,1
DA:8,1
DA:10,1
DA:29,1
LF:4
LH:4
BRF:0
BRH:0
end_of_record
TN:
SF:D:\homework\frontcamp\Siarhei-Balonikau.github.io\src\components\TextField\TextField.js
FN:6,(anonymous_0)
FN:8,(anonymous_1)
FNF:2
FNH:1
FNDA:1,(anonymous_0)
FNDA:0,(anonymous_1)
DA:6,3
DA:7,1
DA:8,0
DA:12,3
LF:4
LH:3
BRF:0
BRH:0
end_of_record
TN:
SF:D:\homework\frontcamp\Siarhei-Balonikau.github.io\src\components\Textarea\Textarea.js
FN:6,(anonymous_0)
FN:8,(anonymous_1)
FNF:2
FNH:1
FNDA:1,(anonymous_0)
FNDA:0,(anonymous_1)
DA:6,2
DA:7,1
DA:8,0
DA:12,2
LF:4
LH:3
BRF:0
BRH:0
end_of_record
TN:
SF:D:\homework\frontcamp\Siarhei-Balonikau.github.io\src\reducers\blogs.js
FN:1,(anonymous_0)
FNF:1
FNH:1
FNDA:4,(anonymous_0)
DA:1,1
DA:9,4
DA:11,1
DA:17,1
DA:24,1
DA:30,1
LF:6
LH:6
BRDA:2,0,0,1
BRDA:9,1,0,1
BRDA:9,1,1,1
BRDA:9,1,2,1
BRDA:9,1,3,1
BRF:5
BRH:5
end_of_record
